This file contains any messages produced by compilers while
running configure, to aid debugging if configure makes a mistake.

It was created by sci2c configure 1.0, which was
generated by GNU Autoconf 2.61.  Invocation command line was

  $ ./configure 

## --------- ##
## Platform. ##
## --------- ##

hostname = LTNUTRICATO
uname -m = i686
uname -r = 1.3.14(0.62/3/2)
uname -s = CYGWIN_NT-5.1
uname -v = 2002-10-24 10:48

/usr/bin/uname -p = unknown
/bin/uname -X     = unknown

/bin/arch              = unknown
/usr/bin/arch -k       = unknown
/usr/convex/getsysinfo = unknown
/usr/bin/hostinfo      = unknown
/bin/machine           = unknown
/usr/bin/oslevel       = unknown
/bin/universe          = unknown

PATH: /usr/local/bin
PATH: /usr/bin
PATH: /bin
PATH: /cygdrive/c/WINDOWS/system32
PATH: /cygdrive/c/WINDOWS
PATH: /cygdrive/c/WINDOWS/System32/Wbem
PATH: /cygdrive/c/Programmi/Intel/Wireless/Bin/
PATH: /cygdrive/c/Programmi/MATLAB704/bin/win32
PATH: /cygdrive/c/Programmi/QuickTime/QTSystem/
PATH: /usr/X11R6/bin


## ----------- ##
## Core tests. ##
## ----------- ##

configure:2092: checking whether ln -s works
configure:2096: result: yes
configure:2111: checking build system type
configure:2129: result: i686-pc-cygwin
configure:2151: checking host system type
configure:2166: result: i686-pc-cygwin
configure:2189: checking whether to enable maintainer-specific portions of Makefiles
configure:2198: result: no
configure:2226: checking for a BSD-compatible install
configure:2282: result: /usr/bin/install -c
configure:2293: checking whether build environment is sane
configure:2336: result: yes
configure:2361: checking for a thread-safe mkdir -p
configure:2400: result: /usr/bin/mkdir -p
configure:2413: checking for gawk
configure:2429: found /usr/bin/gawk
configure:2440: result: gawk
configure:2451: checking whether make sets $(MAKE)
configure:2472: result: yes
configure:2746: checking for style of include used by make
configure:2774: result: GNU
configure:2844: checking for gcc
configure:2860: found /usr/bin/gcc
configure:2871: result: gcc
configure:3109: checking for C compiler version
configure:3116: gcc --version >&5
gcc (GCC) 3.2 20020818 (prerelease)
Copyright (C) 2002 Free Software Foundation, Inc.
This is free software; see the source for copying conditions.  There is NO
warranty; not even for MERCHANTABILITY or FITNESS FOR A PARTICULAR PURPOSE.

configure:3119: $? = 0
configure:3126: gcc -v >&5
Reading specs from /usr/lib/gcc-lib/i686-pc-cygwin/3.2/specs
Configured with: /netrel/src/gcc-3.2-1/configure --enable-languages=c,c++,f77,java --enable-libgcj --enable-threads=posix --with-system-zlib --enable-nls --without-included-gettext --enable-interpreter --disable-sjlj-exceptions --disable-version-specific-runtime-libs --enable-shared --build=i686-pc-linux --host=i686-pc-cygwin --target=i686-pc-cygwin --enable-haifa --prefix=/usr --exec-prefix=/usr --sysconfdir=/etc --libdir=/usr/lib --includedir=/nonexistent/include --libexecdir=/usr/sbin
Thread model: posix
gcc version 3.2 20020818 (prerelease)
configure:3129: $? = 0
configure:3136: gcc -V >&5
gcc: argument to `-V' is missing
configure:3139: $? = 1
configure:3162: checking for C compiler default output file name
configure:3189: gcc    conftest.c  >&5
configure:3192: $? = 0
configure:3230: result: a.exe
configure:3247: checking whether the C compiler works
configure:3257: ./a.exe
configure:3260: $? = 0
configure:3277: result: yes
configure:3284: checking whether we are cross compiling
configure:3286: result: no
configure:3289: checking for suffix of executables
configure:3296: gcc -o conftest.exe    conftest.c  >&5
configure:3299: $? = 0
configure:3323: result: .exe
configure:3329: checking for suffix of object files
configure:3355: gcc -c   conftest.c >&5
configure:3358: $? = 0
configure:3381: result: o
configure:3385: checking whether we are using the GNU C compiler
configure:3414: gcc -c   conftest.c >&5
configure:3420: $? = 0
configure:3437: result: yes
configure:3442: checking whether gcc accepts -g
configure:3472: gcc -c -g  conftest.c >&5
configure:3478: $? = 0
configure:3577: result: yes
configure:3594: checking for gcc option to accept ISO C89
configure:3668: gcc  -c -g -O2  conftest.c >&5
configure:3674: $? = 0
configure:3697: result: none needed
configure:3717: checking dependency style of gcc
configure:3808: result: gcc3
configure:3823: checking for a sed that does not truncate output
configure:3879: result: /usr/bin/sed
configure:3882: checking for grep that handles long lines and -e
configure:3956: result: /usr/bin/grep
configure:3961: checking for egrep
configure:4039: result: /usr/bin/grep -E
configure:4055: checking for ld used by gcc
configure:4122: result: /usr/i686-pc-cygwin/bin/ld.exe
configure:4131: checking if the linker (/usr/i686-pc-cygwin/bin/ld.exe) is GNU ld
configure:4146: result: yes
configure:4151: checking for /usr/i686-pc-cygwin/bin/ld.exe option to reload object files
configure:4158: result: -r
configure:4176: checking for BSD-compatible nm
configure:4225: result: /usr/bin/nm -B
configure:4229: checking how to recognize dependent libraries
configure:4415: result: file_magic ^x86 archive import|^x86 DLL
configure:4656: checking how to run the C preprocessor
configure:4696: gcc -E  conftest.c
configure:4702: $? = 0
configure:4733: gcc -E  conftest.c
conftest.c:10:28: ac_nonexistent.h: No such file or directory
configure:4739: $? = 1
configure: failed program was:
| /* confdefs.h.  */
| #define PACKAGE_NAME "sci2c"
| #define PACKAGE_TARNAME "sci2c"
| #define PACKAGE_VERSION "1.0"
| #define PACKAGE_STRING "sci2c 1.0"
| #define PACKAGE_BUGREPORT ""
| #define PACKAGE "sci2c"
| #define VERSION "1.0"
| /* end confdefs.h.  */
| #include <ac_nonexistent.h>
configure:4772: result: gcc -E
configure:4801: gcc -E  conftest.c
configure:4807: $? = 0
configure:4838: gcc -E  conftest.c
conftest.c:10:28: ac_nonexistent.h: No such file or directory
configure:4844: $? = 1
configure: failed program was:
| /* confdefs.h.  */
| #define PACKAGE_NAME "sci2c"
| #define PACKAGE_TARNAME "sci2c"
| #define PACKAGE_VERSION "1.0"
| #define PACKAGE_STRING "sci2c 1.0"
| #define PACKAGE_BUGREPORT ""
| #define PACKAGE "sci2c"
| #define VERSION "1.0"
| /* end confdefs.h.  */
| #include <ac_nonexistent.h>
configure:4882: checking for ANSI C header files
configure:4912: gcc -c -g -O2  conftest.c >&5
configure:4918: $? = 0
configure:5014: gcc -o conftest.exe -g -O2   conftest.c  >&5
configure:5017: $? = 0
configure:5023: ./conftest.exe
configure:5026: $? = 0
configure:5043: result: yes
configure:5067: checking for sys/types.h
configure:5088: gcc -c -g -O2  conftest.c >&5
configure:5094: $? = 0
configure:5110: result: yes
configure:5067: checking for sys/stat.h
configure:5088: gcc -c -g -O2  conftest.c >&5
configure:5094: $? = 0
configure:5110: result: yes
configure:5067: checking for stdlib.h
configure:5088: gcc -c -g -O2  conftest.c >&5
configure:5094: $? = 0
configure:5110: result: yes
configure:5067: checking for string.h
configure:5088: gcc -c -g -O2  conftest.c >&5
configure:5094: $? = 0
configure:5110: result: yes
configure:5067: checking for memory.h
configure:5088: gcc -c -g -O2  conftest.c >&5
configure:5094: $? = 0
configure:5110: result: yes
configure:5067: checking for strings.h
configure:5088: gcc -c -g -O2  conftest.c >&5
configure:5094: $? = 0
configure:5110: result: yes
configure:5067: checking for inttypes.h
configure:5088: gcc -c -g -O2  conftest.c >&5
conftest.c:51:22: inttypes.h: No such file or directory
configure:5094: $? = 1
configure: failed program was:
| /* confdefs.h.  */
| #define PACKAGE_NAME "sci2c"
| #define PACKAGE_TARNAME "sci2c"
| #define PACKAGE_VERSION "1.0"
| #define PACKAGE_STRING "sci2c 1.0"
| #define PACKAGE_BUGREPORT ""
| #define PACKAGE "sci2c"
| #define VERSION "1.0"
| #define STDC_HEADERS 1
| #define HAVE_SYS_TYPES_H 1
| #define HAVE_SYS_STAT_H 1
| #define HAVE_STDLIB_H 1
| #define HAVE_STRING_H 1
| #define HAVE_MEMORY_H 1
| #define HAVE_STRINGS_H 1
| /* end confdefs.h.  */
| #include <stdio.h>
| #ifdef HAVE_SYS_TYPES_H
| # include <sys/types.h>
| #endif
| #ifdef HAVE_SYS_STAT_H
| # include <sys/stat.h>
| #endif
| #ifdef STDC_HEADERS
| # include <stdlib.h>
| # include <stddef.h>
| #else
| # ifdef HAVE_STDLIB_H
| #  include <stdlib.h>
| # endif
| #endif
| #ifdef HAVE_STRING_H
| # if !defined STDC_HEADERS && defined HAVE_MEMORY_H
| #  include <memory.h>
| # endif
| # include <string.h>
| #endif
| #ifdef HAVE_STRINGS_H
| # include <strings.h>
| #endif
| #ifdef HAVE_INTTYPES_H
| # include <inttypes.h>
| #endif
| #ifdef HAVE_STDINT_H
| # include <stdint.h>
| #endif
| #ifdef HAVE_UNISTD_H
| # include <unistd.h>
| #endif
| 
| #include <inttypes.h>
configure:5110: result: no
configure:5067: checking for stdint.h
configure:5088: gcc -c -g -O2  conftest.c >&5
conftest.c:51:20: stdint.h: No such file or directory
configure:5094: $? = 1
configure: failed program was:
| /* confdefs.h.  */
| #define PACKAGE_NAME "sci2c"
| #define PACKAGE_TARNAME "sci2c"
| #define PACKAGE_VERSION "1.0"
| #define PACKAGE_STRING "sci2c 1.0"
| #define PACKAGE_BUGREPORT ""
| #define PACKAGE "sci2c"
| #define VERSION "1.0"
| #define STDC_HEADERS 1
| #define HAVE_SYS_TYPES_H 1
| #define HAVE_SYS_STAT_H 1
| #define HAVE_STDLIB_H 1
| #define HAVE_STRING_H 1
| #define HAVE_MEMORY_H 1
| #define HAVE_STRINGS_H 1
| /* end confdefs.h.  */
| #include <stdio.h>
| #ifdef HAVE_SYS_TYPES_H
| # include <sys/types.h>
| #endif
| #ifdef HAVE_SYS_STAT_H
| # include <sys/stat.h>
| #endif
| #ifdef STDC_HEADERS
| # include <stdlib.h>
| # include <stddef.h>
| #else
| # ifdef HAVE_STDLIB_H
| #  include <stdlib.h>
| # endif
| #endif
| #ifdef HAVE_STRING_H
| # if !defined STDC_HEADERS && defined HAVE_MEMORY_H
| #  include <memory.h>
| # endif
| # include <string.h>
| #endif
| #ifdef HAVE_STRINGS_H
| # include <strings.h>
| #endif
| #ifdef HAVE_INTTYPES_H
| # include <inttypes.h>
| #endif
| #ifdef HAVE_STDINT_H
| # include <stdint.h>
| #endif
| #ifdef HAVE_UNISTD_H
| # include <unistd.h>
| #endif
| 
| #include <stdint.h>
configure:5110: result: no
configure:5067: checking for unistd.h
configure:5088: gcc -c -g -O2  conftest.c >&5
configure:5094: $? = 0
configure:5110: result: yes
configure:5137: checking dlfcn.h usability
configure:5154: gcc -c -g -O2  conftest.c >&5
configure:5160: $? = 0
configure:5174: result: yes
configure:5178: checking dlfcn.h presence
configure:5193: gcc -E  conftest.c
configure:5199: $? = 0
configure:5213: result: yes
configure:5241: checking for dlfcn.h
configure:5249: result: yes
configure:5320: checking for g++
configure:5336: found /usr/bin/g++
configure:5347: result: g++
configure:5378: checking for C++ compiler version
configure:5385: g++ --version >&5
g++ (GCC) 3.2 20020818 (prerelease)
Copyright (C) 2002 Free Software Foundation, Inc.
This is free software; see the source for copying conditions.  There is NO
warranty; not even for MERCHANTABILITY or FITNESS FOR A PARTICULAR PURPOSE.

configure:5388: $? = 0
configure:5395: g++ -v >&5
Reading specs from /usr/lib/gcc-lib/i686-pc-cygwin/3.2/specs
Configured with: /netrel/src/gcc-3.2-1/configure --enable-languages=c,c++,f77,java --enable-libgcj --enable-threads=posix --with-system-zlib --enable-nls --without-included-gettext --enable-interpreter --disable-sjlj-exceptions --disable-version-specific-runtime-libs --enable-shared --build=i686-pc-linux --host=i686-pc-cygwin --target=i686-pc-cygwin --enable-haifa --prefix=/usr --exec-prefix=/usr --sysconfdir=/etc --libdir=/usr/lib --includedir=/nonexistent/include --libexecdir=/usr/sbin
Thread model: posix
gcc version 3.2 20020818 (prerelease)
configure:5398: $? = 0
configure:5405: g++ -V >&5
g++: argument to `-V' missing

configure:5408: $? = 1
configure:5411: checking whether we are using the GNU C++ compiler
configure:5440: g++ -c   conftest.cpp >&5
configure:5446: $? = 0
configure:5463: result: yes
configure:5468: checking whether g++ accepts -g
configure:5498: g++ -c -g  conftest.cpp >&5
configure:5504: $? = 0
configure:5603: result: yes
configure:5628: checking dependency style of g++
configure:5719: result: gcc3
configure:5744: checking how to run the C++ preprocessor
configure:5780: g++ -E  conftest.cpp
configure:5786: $? = 0
configure:5817: g++ -E  conftest.cpp
conftest.cpp:19:28: ac_nonexistent.h: No such file or directory
configure:5823: $? = 1
configure: failed program was:
| /* confdefs.h.  */
| #define PACKAGE_NAME "sci2c"
| #define PACKAGE_TARNAME "sci2c"
| #define PACKAGE_VERSION "1.0"
| #define PACKAGE_STRING "sci2c 1.0"
| #define PACKAGE_BUGREPORT ""
| #define PACKAGE "sci2c"
| #define VERSION "1.0"
| #define STDC_HEADERS 1
| #define HAVE_SYS_TYPES_H 1
| #define HAVE_SYS_STAT_H 1
| #define HAVE_STDLIB_H 1
| #define HAVE_STRING_H 1
| #define HAVE_MEMORY_H 1
| #define HAVE_STRINGS_H 1
| #define HAVE_UNISTD_H 1
| #define HAVE_DLFCN_H 1
| /* end confdefs.h.  */
| #include <ac_nonexistent.h>
configure:5856: result: g++ -E
configure:5885: g++ -E  conftest.cpp
configure:5891: $? = 0
configure:5922: g++ -E  conftest.cpp
conftest.cpp:19:28: ac_nonexistent.h: No such file or directory
configure:5928: $? = 1
configure: failed program was:
| /* confdefs.h.  */
| #define PACKAGE_NAME "sci2c"
| #define PACKAGE_TARNAME "sci2c"
| #define PACKAGE_VERSION "1.0"
| #define PACKAGE_STRING "sci2c 1.0"
| #define PACKAGE_BUGREPORT ""
| #define PACKAGE "sci2c"
| #define VERSION "1.0"
| #define STDC_HEADERS 1
| #define HAVE_SYS_TYPES_H 1
| #define HAVE_SYS_STAT_H 1
| #define HAVE_STDLIB_H 1
| #define HAVE_STRING_H 1
| #define HAVE_MEMORY_H 1
| #define HAVE_STRINGS_H 1
| #define HAVE_UNISTD_H 1
| #define HAVE_DLFCN_H 1
| /* end confdefs.h.  */
| #include <ac_nonexistent.h>
configure:6021: checking for g77
configure:6037: found /usr/bin/g77
configure:6048: result: g77
configure:6078: checking for Fortran 77 compiler version
configure:6085: g77 --version >&5
GNU Fortran (GCC 3.2 20020818 (prerelease)) 3.2 20020818 (prerelease)
Copyright (C) 2002 Free Software Foundation, Inc.

GNU Fortran comes with NO WARRANTY, to the extent permitted by law.
You may redistribute copies of GNU Fortran
under the terms of the GNU General Public License.
For more information about these matters, see the file named COPYING
or type the command `info -f g77 Copying'.
configure:6088: $? = 0
configure:6095: g77 -v >&5
Reading specs from /usr/lib/gcc-lib/i686-pc-cygwin/3.2/specs
Configured with: /netrel/src/gcc-3.2-1/configure --enable-languages=c,c++,f77,java --enable-libgcj --enable-threads=posix --with-system-zlib --enable-nls --without-included-gettext --enable-interpreter --disable-sjlj-exceptions --disable-version-specific-runtime-libs --enable-shared --build=i686-pc-linux --host=i686-pc-cygwin --target=i686-pc-cygwin --enable-haifa --prefix=/usr --exec-prefix=/usr --sysconfdir=/etc --libdir=/usr/lib --includedir=/nonexistent/include --libexecdir=/usr/sbin
Thread model: posix
gcc version 3.2 20020818 (prerelease)
configure:6098: $? = 0
configure:6105: g77 -V >&5
g77: argument to `-V' missing
configure:6108: $? = 1
configure:6116: checking whether we are using the GNU Fortran 77 compiler
configure:6135: g77 -c  conftest.F >&5
configure:6141: $? = 0
configure:6158: result: yes
configure:6164: checking whether g77 accepts -g
configure:6181: g77 -c -g conftest.f >&5
configure:6187: $? = 0
configure:6203: result: yes
configure:6233: checking the maximum length of command line arguments
configure:6345: result: 8192
configure:6357: checking command to parse /usr/bin/nm -B output from gcc object
configure:6462: gcc -c -g -O2  conftest.c >&5
configure:6465: $? = 0
configure:6469: /usr/bin/nm -B conftest.o \| sed -n -e 's/^.*[ 	]\([ABCDGIRSTW][ABCDGIRSTW]*\)[ 	][ 	]*\([_A-Za-z][_A-Za-z0-9]*\)$/\1 \2 \2/p' \> conftest.nm
configure:6472: $? = 0
cannot find nm_test_var in conftest.nm
configure:6462: gcc -c -g -O2  conftest.c >&5
configure:6465: $? = 0
configure:6469: /usr/bin/nm -B conftest.o \| sed -n -e 's/^.*[ 	]\([ABCDGIRSTW][ABCDGIRSTW]*\)[ 	][ 	]*_\([_A-Za-z][_A-Za-z0-9]*\)$/\1 _\2 \2/p' \> conftest.nm
configure:6472: $? = 0
configure:6524: gcc -o conftest.exe -g -O2   conftest.c conftstm.o >&5
configure:6527: $? = 0
configure:6565: result: ok
configure:6569: checking for objdir
configure:6584: result: .libs
configure:6676: checking for ar
configure:6692: found /usr/bin/ar
configure:6703: result: ar
configure:6772: checking for ranlib
configure:6788: found /usr/bin/ranlib
configure:6799: result: ranlib
configure:6868: checking for strip
configure:6884: found /usr/bin/strip
configure:6895: result: strip
configure:7181: checking if gcc supports -fno-rtti -fno-exceptions
configure:7202: gcc -c -g -O2  -fno-rtti -fno-exceptions conftest.c >&5
configure:7206: $? = 0
configure:7216: result: yes
configure:7231: checking for gcc option to produce PIC
configure:7463: result: -DDLL_EXPORT
configure:7471: checking if gcc PIC flag -DDLL_EXPORT works
configure:7492: gcc -c -g -O2  -DDLL_EXPORT -DPIC conftest.c >&5
configure:7496: $? = 0
configure:7506: result: yes
configure:7534: checking if gcc static flag -static works
configure:7562: result: yes
configure:7572: checking if gcc supports -c -o file.o
configure:7596: gcc -c -g -O2  -o out/conftest2.o conftest.c >&5
configure:7600: $? = 0
configure:7619: result: yes
configure:7645: checking whether the gcc linker (/usr/i686-pc-cygwin/bin/ld.exe) supports shared libraries
configure:8626: result: yes
configure:8647: checking whether -lc should be explicitly linked in
configure:8652: gcc -c -g -O2  conftest.c >&5
configure:8655: $? = 0
configure:8670: gcc -shared conftest.o  -v -o ./conftest -Wl,--enable-auto-image-base -Xlinker --out-implib -Xlinker conftest 2\>\&1 \| grep  -lc  \>/dev/null 2\>\&1
configure:8673: $? = 1
configure:8685: result: yes
configure:8693: checking dynamic linker characteristics
configure:9307: result: Win32 ld.exe
configure:9316: checking how to hardcode library paths into programs
configure:9341: result: immediate
configure:9355: checking whether stripping libraries is possible
configure:9360: result: yes
configure:10162: checking if libtool supports shared libraries
configure:10164: result: yes
configure:10167: checking whether to build shared libraries
configure:10188: result: yes
configure:10191: checking whether to build static libraries
configure:10195: result: yes
configure:10288: creating libtool
configure:10876: checking for ld used by g++
configure:10943: result: /usr/i686-pc-cygwin/bin/ld.exe
configure:10952: checking if the linker (/usr/i686-pc-cygwin/bin/ld.exe) is GNU ld
configure:10967: result: yes
configure:11018: checking whether the g++ linker (/usr/i686-pc-cygwin/bin/ld.exe) supports shared libraries
configure:11992: result: yes
configure:12010: g++ -c -g -O2  conftest.cpp >&5
configure:12013: $? = 0
configure:12165: checking for g++ option to produce PIC
configure:12449: result: -DDLL_EXPORT
configure:12457: checking if g++ PIC flag -DDLL_EXPORT works
configure:12478: g++ -c -g -O2  -DDLL_EXPORT -DPIC conftest.cpp >&5
configure:12482: $? = 0
configure:12492: result: yes
configure:12520: checking if g++ static flag -static works
configure:12548: result: yes
configure:12558: checking if g++ supports -c -o file.o
configure:12582: g++ -c -g -O2  -o out/conftest2.o conftest.cpp >&5
configure:12586: $? = 0
configure:12605: result: yes
configure:12631: checking whether the g++ linker (/usr/i686-pc-cygwin/bin/ld.exe) supports shared libraries
configure:12659: result: yes
configure:12726: checking dynamic linker characteristics
configure:13288: result: Win32 ld.exe
configure:13297: checking how to hardcode library paths into programs
configure:13322: result: immediate
configure:13856: checking if libtool supports shared libraries
configure:13858: result: yes
configure:13861: checking whether to build shared libraries
configure:13881: result: yes
configure:13884: checking whether to build static libraries
configure:13888: result: yes
configure:13898: checking for g77 option to produce PIC
configure:14130: result: -DDLL_EXPORT
configure:14138: checking if g77 PIC flag -DDLL_EXPORT works
configure:14159: g77 -c -g -O2 -DDLL_EXPORT conftest.f >&5
configure:14163: $? = 0
configure:14173: result: yes
configure:14201: checking if g77 static flag -static works
configure:14229: result: yes
configure:14239: checking if g77 supports -c -o file.o
configure:14263: g77 -c -g -O2 -o out/conftest2.o conftest.f >&5
configure:14267: $? = 0
configure:14286: result: yes
configure:14312: checking whether the g77 linker (/usr/i686-pc-cygwin/bin/ld.exe) supports shared libraries
configure:15273: result: yes
configure:15340: checking dynamic linker characteristics
configure:15902: result: Win32 ld.exe
configure:15911: checking how to hardcode library paths into programs
configure:15936: result: immediate
configure:19630: checking for Fortran 77 compiler version
configure:19637: g77 --version >&5
GNU Fortran (GCC 3.2 20020818 (prerelease)) 3.2 20020818 (prerelease)
Copyright (C) 2002 Free Software Foundation, Inc.

GNU Fortran comes with NO WARRANTY, to the extent permitted by law.
You may redistribute copies of GNU Fortran
under the terms of the GNU General Public License.
For more information about these matters, see the file named COPYING
or type the command `info -f g77 Copying'.
configure:19640: $? = 0
configure:19647: g77 -v >&5
Reading specs from /usr/lib/gcc-lib/i686-pc-cygwin/3.2/specs
Configured with: /netrel/src/gcc-3.2-1/configure --enable-languages=c,c++,f77,java --enable-libgcj --enable-threads=posix --with-system-zlib --enable-nls --without-included-gettext --enable-interpreter --disable-sjlj-exceptions --disable-version-specific-runtime-libs --enable-shared --build=i686-pc-linux --host=i686-pc-cygwin --target=i686-pc-cygwin --enable-haifa --prefix=/usr --exec-prefix=/usr --sysconfdir=/etc --libdir=/usr/lib --includedir=/nonexistent/include --libexecdir=/usr/sbin
Thread model: posix
gcc version 3.2 20020818 (prerelease)
configure:19650: $? = 0
configure:19657: g77 -V >&5
g77: argument to `-V' missing
configure:19660: $? = 1
configure:19668: checking whether we are using the GNU Fortran 77 compiler
configure:19710: result: yes
configure:19716: checking whether g77 accepts -g
configure:19755: result: yes
configure:19829: checking for gcc
configure:19856: result: gcc
configure:20094: checking for C compiler version
configure:20101: gcc --version >&5
gcc (GCC) 3.2 20020818 (prerelease)
Copyright (C) 2002 Free Software Foundation, Inc.
This is free software; see the source for copying conditions.  There is NO
warranty; not even for MERCHANTABILITY or FITNESS FOR A PARTICULAR PURPOSE.

configure:20104: $? = 0
configure:20111: gcc -v >&5
Reading specs from /usr/lib/gcc-lib/i686-pc-cygwin/3.2/specs
Configured with: /netrel/src/gcc-3.2-1/configure --enable-languages=c,c++,f77,java --enable-libgcj --enable-threads=posix --with-system-zlib --enable-nls --without-included-gettext --enable-interpreter --disable-sjlj-exceptions --disable-version-specific-runtime-libs --enable-shared --build=i686-pc-linux --host=i686-pc-cygwin --target=i686-pc-cygwin --enable-haifa --prefix=/usr --exec-prefix=/usr --sysconfdir=/etc --libdir=/usr/lib --includedir=/nonexistent/include --libexecdir=/usr/sbin
Thread model: posix
gcc version 3.2 20020818 (prerelease)
configure:20114: $? = 0
configure:20121: gcc -V >&5
gcc: argument to `-V' is missing
configure:20124: $? = 1
configure:20127: checking whether we are using the GNU C compiler
configure:20179: result: yes
configure:20184: checking whether gcc accepts -g
configure:20319: result: yes
configure:20336: checking for gcc option to accept ISO C89
configure:20439: result: none needed
configure:20459: checking dependency style of gcc
configure:20550: result: gcc3
configure:20682: checking for C++ compiler version
configure:20689: g++ --version >&5
g++ (GCC) 3.2 20020818 (prerelease)
Copyright (C) 2002 Free Software Foundation, Inc.
This is free software; see the source for copying conditions.  There is NO
warranty; not even for MERCHANTABILITY or FITNESS FOR A PARTICULAR PURPOSE.

configure:20692: $? = 0
configure:20699: g++ -v >&5
Reading specs from /usr/lib/gcc-lib/i686-pc-cygwin/3.2/specs
Configured with: /netrel/src/gcc-3.2-1/configure --enable-languages=c,c++,f77,java --enable-libgcj --enable-threads=posix --with-system-zlib --enable-nls --without-included-gettext --enable-interpreter --disable-sjlj-exceptions --disable-version-specific-runtime-libs --enable-shared --build=i686-pc-linux --host=i686-pc-cygwin --target=i686-pc-cygwin --enable-haifa --prefix=/usr --exec-prefix=/usr --sysconfdir=/etc --libdir=/usr/lib --includedir=/nonexistent/include --libexecdir=/usr/sbin
Thread model: posix
gcc version 3.2 20020818 (prerelease)
configure:20702: $? = 0
configure:20709: g++ -V >&5
g++: argument to `-V' missing

configure:20712: $? = 1
configure:20715: checking whether we are using the GNU C++ compiler
configure:20767: result: yes
configure:20772: checking whether g++ accepts -g
configure:20907: result: yes
configure:20932: checking dependency style of g++
configure:21023: result: gcc3
configure:21041: checking whether gcc and cc understand -c and -o together
configure:21076: gcc -c conftest.c -o conftest2.o >&5
configure:21079: $? = 0
configure:21085: gcc -c conftest.c -o conftest2.o >&5
configure:21088: $? = 0
configure:21099: cc -c conftest.c >&5
configure:21102: $? = 0
configure:21110: cc -c conftest.c -o conftest2.o >&5
configure:21113: $? = 0
configure:21119: cc -c conftest.c -o conftest2.o >&5
configure:21122: $? = 0
configure:21140: result: yes
configure:21170: checking whether g77 understands -c and -o together
configure:21188: g77 -g -O2 -c conftest.f -o conftest2.o >&5
configure:21191: $? = 0
configure:21198: g77 -g -O2 -c conftest.f -o conftest2.o >&5
configure:21201: $? = 0
configure:21209: result: yes
configure:21227: checking for library containing atan
configure:21268: gcc -o conftest.exe -g -O2   conftest.c  >&5
configure:21274: $? = 0
configure:21302: result: none required
configure:21527: checking for stdbool.h that conforms to C99
configure:21620: gcc -c -g -O2  conftest.c >&5
configure:21626: $? = 0
configure:21641: result: yes
configure:21643: checking for _Bool
configure:21673: gcc -c -g -O2  conftest.c >&5
configure:21679: $? = 0
configure:21694: result: yes
configure:21908: creating ./config.status

## ---------------------- ##
## Running config.status. ##
## ---------------------- ##

This file was extended by sci2c config.status 1.0, which was
generated by GNU Autoconf 2.61.  Invocation command line was

  CONFIG_FILES    = 
  CONFIG_HEADERS  = 
  CONFIG_LINKS    = 
  CONFIG_COMMANDS = 
  $ ./config.status 

on LTNUTRICATO

config.status:699: creating Makefile
config.status:699: creating lib/blas/Makefile
config.status:699: creating lib/lapack/Makefile
config.status:699: creating type/Makefile
config.status:699: creating matrixOperations/Makefile
config.status:699: creating elementaryFunctions/Makefile
config.status:699: creating elementaryFunctions/cos/Makefile
config.status:699: creating elementaryFunctions/cosh/Makefile
config.status:699: creating elementaryFunctions/acos/Makefile
config.status:699: creating elementaryFunctions/acosh/Makefile
config.status:699: creating elementaryFunctions/sin/Makefile
config.status:699: creating elementaryFunctions/sinh/Makefile
config.status:699: creating elementaryFunctions/asin/Makefile
config.status:699: creating elementaryFunctions/asinh/Makefile
config.status:699: creating elementaryFunctions/tan/Makefile
config.status:699: creating elementaryFunctions/tanh/Makefile
config.status:699: creating elementaryFunctions/atan/Makefile
config.status:699: creating elementaryFunctions/atanh/Makefile
config.status:699: creating elementaryFunctions/log/Makefile
config.status:699: creating elementaryFunctions/log1p/Makefile
config.status:699: creating elementaryFunctions/log10/Makefile
config.status:699: creating elementaryFunctions/exp/Makefile
config.status:699: creating elementaryFunctions/exp10/Makefile
config.status:699: creating elementaryFunctions/sqrt/Makefile
config.status:699: creating auxiliaryFunctions/Makefile
config.status:699: creating auxiliaryFunctions/abs/Makefile
config.status:699: creating auxiliaryFunctions/find/Makefile
config.status:699: creating auxiliaryFunctions/isempty/Makefile
config.status:699: creating auxiliaryFunctions/isnan/Makefile
config.status:699: creating auxiliaryFunctions/rand/Makefile
config.status:699: creating auxiliaryFunctions/sign/Makefile
config.status:699: creating auxiliaryFunctions/size/Makefile
config.status:699: creating auxiliaryFunctions/type/Makefile
config.status:699: creating auxiliaryFunctions/pythag/Makefile
config.status:699: creating includes/machine.h
config.status:972: executing depfiles commands

## ---------------- ##
## Cache variables. ##
## ---------------- ##

ac_cv_build=i686-pc-cygwin
ac_cv_c_compiler_gnu=yes
ac_cv_cxx_compiler_gnu=yes
ac_cv_env_CCC_set=
ac_cv_env_CCC_value=
ac_cv_env_CC_set=
ac_cv_env_CC_value=
ac_cv_env_CFLAGS_set=
ac_cv_env_CFLAGS_value=
ac_cv_env_CPPFLAGS_set=
ac_cv_env_CPPFLAGS_value=
ac_cv_env_CPP_set=
ac_cv_env_CPP_value=
ac_cv_env_CXXCPP_set=
ac_cv_env_CXXCPP_value=
ac_cv_env_CXXFLAGS_set=
ac_cv_env_CXXFLAGS_value=
ac_cv_env_CXX_set=
ac_cv_env_CXX_value=
ac_cv_env_F77_set=
ac_cv_env_F77_value=
ac_cv_env_FFLAGS_set=
ac_cv_env_FFLAGS_value=
ac_cv_env_LDFLAGS_set=
ac_cv_env_LDFLAGS_value=
ac_cv_env_LIBS_set=
ac_cv_env_LIBS_value=
ac_cv_env_build_alias_set=
ac_cv_env_build_alias_value=
ac_cv_env_host_alias_set=
ac_cv_env_host_alias_value=
ac_cv_env_target_alias_set=
ac_cv_env_target_alias_value=
ac_cv_exeext=.exe
ac_cv_f77_compiler_gnu=yes
ac_cv_header_dlfcn_h=yes
ac_cv_header_inttypes_h=no
ac_cv_header_memory_h=yes
ac_cv_header_stdbool_h=yes
ac_cv_header_stdc=yes
ac_cv_header_stdint_h=no
ac_cv_header_stdlib_h=yes
ac_cv_header_string_h=yes
ac_cv_header_strings_h=yes
ac_cv_header_sys_stat_h=yes
ac_cv_header_sys_types_h=yes
ac_cv_header_unistd_h=yes
ac_cv_host=i686-pc-cygwin
ac_cv_objext=o
ac_cv_path_EGREP='/usr/bin/grep -E'
ac_cv_path_GREP=/usr/bin/grep
ac_cv_path_install='/usr/bin/install -c'
ac_cv_path_mkdir=/usr/bin/mkdir
ac_cv_prog_AWK=gawk
ac_cv_prog_CPP='gcc -E'
ac_cv_prog_CXXCPP='g++ -E'
ac_cv_prog_ac_ct_AR=ar
ac_cv_prog_ac_ct_CC=gcc
ac_cv_prog_ac_ct_CXX=g++
ac_cv_prog_ac_ct_F77=g77
ac_cv_prog_ac_ct_RANLIB=ranlib
ac_cv_prog_ac_ct_STRIP=strip
ac_cv_prog_cc_c89=
ac_cv_prog_cc_g=yes
ac_cv_prog_cc_gcc_c_o=yes
ac_cv_prog_cxx_g=yes
ac_cv_prog_f77_c_o=yes
ac_cv_prog_f77_g=yes
ac_cv_prog_make_make_set=yes
ac_cv_search_atan='none required'
ac_cv_type__Bool=yes
am_cv_CC_dependencies_compiler_type=gcc3
am_cv_CXX_dependencies_compiler_type=gcc3
lt_cv_deplibs_check_method='file_magic ^x86 archive import|^x86 DLL'
lt_cv_file_magic_cmd=func_win32_libid
lt_cv_file_magic_test_file=
lt_cv_ld_reload_flag=-r
lt_cv_objdir=.libs
lt_cv_path_LD=/usr/i686-pc-cygwin/bin/ld.exe
lt_cv_path_LDCXX=/usr/i686-pc-cygwin/bin/ld.exe
lt_cv_path_NM='/usr/bin/nm -B'
lt_cv_path_SED=/usr/bin/sed
lt_cv_prog_compiler_c_o=yes
lt_cv_prog_compiler_c_o_CXX=yes
lt_cv_prog_compiler_c_o_F77=yes
lt_cv_prog_compiler_rtti_exceptions=yes
lt_cv_prog_gnu_ld=yes
lt_cv_prog_gnu_ldcxx=yes
lt_cv_sys_global_symbol_pipe='sed -n -e '\''s/^.*[ 	]\([ABCDGIRSTW][ABCDGIRSTW]*\)[ 	][ 	]*_\([_A-Za-z][_A-Za-z0-9]*\)$/\1 _\2 \2/p'\'''
lt_cv_sys_global_symbol_to_c_name_address='sed -n -e '\''s/^: \([^ ]*\) $/  {\"\1\", (lt_ptr) 0},/p'\'' -e '\''s/^[BCDEGRST] \([^ ]*\) \([^ ]*\)$/  {"\2", (lt_ptr) \&\2},/p'\'''
lt_cv_sys_global_symbol_to_cdecl='sed -n -e '\''s/^. .* \(.*\)$/extern int \1;/p'\'''
lt_cv_sys_max_cmd_len=8192
lt_lt_cv_prog_compiler_c_o='"yes"'
lt_lt_cv_prog_compiler_c_o_CXX='"yes"'
lt_lt_cv_prog_compiler_c_o_F77='"yes"'
lt_lt_cv_sys_global_symbol_pipe='"sed -n -e '\''s/^.*[ 	]\\([ABCDGIRSTW][ABCDGIRSTW]*\\)[ 	][ 	]*_\\([_A-Za-z][_A-Za-z0-9]*\\)\$/\\1 _\\2 \\2/p'\''"'
lt_lt_cv_sys_global_symbol_to_c_name_address='"sed -n -e '\''s/^: \\([^ ]*\\) \$/  {\\\"\\1\\\", (lt_ptr) 0},/p'\'' -e '\''s/^[BCDEGRST] \\([^ ]*\\) \\([^ ]*\\)\$/  {\"\\2\", (lt_ptr) \\&\\2},/p'\''"'
lt_lt_cv_sys_global_symbol_to_cdecl='"sed -n -e '\''s/^. .* \\(.*\\)\$/extern int \\1;/p'\''"'

## ----------------- ##
## Output variables. ##
## ----------------- ##

ACLOCAL='${SHELL} /cygdrive/d/Nutricato/OpenProjects/FP6_hArtes/WP2_SCI2C/Software/Scilab2C/CFiles/sci2ccode/src/config/missing --run aclocal-1.10'
AMDEPBACKSLASH='\'
AMDEP_FALSE='#'
AMDEP_TRUE=''
AMTAR='${SHELL} /cygdrive/d/Nutricato/OpenProjects/FP6_hArtes/WP2_SCI2C/Software/Scilab2C/CFiles/sci2ccode/src/config/missing --run tar'
AR='ar'
AUTOCONF='${SHELL} /cygdrive/d/Nutricato/OpenProjects/FP6_hArtes/WP2_SCI2C/Software/Scilab2C/CFiles/sci2ccode/src/config/missing --run autoconf'
AUTOHEADER='${SHELL} /cygdrive/d/Nutricato/OpenProjects/FP6_hArtes/WP2_SCI2C/Software/Scilab2C/CFiles/sci2ccode/src/config/missing --run autoheader'
AUTOMAKE='${SHELL} /cygdrive/d/Nutricato/OpenProjects/FP6_hArtes/WP2_SCI2C/Software/Scilab2C/CFiles/sci2ccode/src/config/missing --run automake-1.10'
AWK='gawk'
CC='gcc'
CCDEPMODE='depmode=gcc3'
CFLAGS='-g -O2'
CPP='gcc -E'
CPPFLAGS=''
CXX='g++'
CXXCPP='g++ -E'
CXXDEPMODE='depmode=gcc3'
CXXFLAGS='-g -O2'
CYGPATH_W='cygpath -w'
DEFS='-DHAVE_CONFIG_H'
DEPDIR='.deps'
ECHO='echo'
ECHO_C=''
ECHO_N='-n'
ECHO_T=''
EGREP='/usr/bin/grep -E'
EXEEXT='.exe'
F77='g77'
FFLAGS='-g -O2 -g -Wall '
GREP='/usr/bin/grep'
INSTALL_DATA='${INSTALL} -m 644'
INSTALL_PROGRAM='${INSTALL}'
INSTALL_SCRIPT='${INSTALL}'
INSTALL_STRIP_PROGRAM='$(install_sh) -c -s'
LDFLAGS=''
LIBMATH='-lm'
LIBOBJS=''
LIBS=''
LIBTOOL='$(SHELL) $(top_builddir)/libtool'
LN_S='ln -s'
LTLIBOBJS=''
MAINT='#'
MAINTAINER_MODE_FALSE=''
MAINTAINER_MODE_TRUE='#'
MAKEINFO='${SHELL} /cygdrive/d/Nutricato/OpenProjects/FP6_hArtes/WP2_SCI2C/Software/Scilab2C/CFiles/sci2ccode/src/config/missing --run makeinfo'
OBJEXT='o'
PACKAGE='sci2c'
PACKAGE_BUGREPORT=''
PACKAGE_NAME='sci2c'
PACKAGE_STRING='sci2c 1.0'
PACKAGE_TARNAME='sci2c'
PACKAGE_VERSION='1.0'
PATH_SEPARATOR=':'
RANLIB='ranlib'
SED='/usr/bin/sed'
SET_MAKE=''
SHELL='/bin/bash'
STRIP='strip'
VERSION='1.0'
ac_ct_CC='gcc'
ac_ct_CXX='g++'
ac_ct_F77='g77'
am__fastdepCC_FALSE='#'
am__fastdepCC_TRUE=''
am__fastdepCXX_FALSE='#'
am__fastdepCXX_TRUE=''
am__include='include'
am__isrc=''
am__leading_dot='.'
am__quote=''
am__tar='${AMTAR} chof - "$$tardir"'
am__untar='${AMTAR} xf -'
bindir='${exec_prefix}/bin'
build='i686-pc-cygwin'
build_alias=''
build_cpu='i686'
build_os='cygwin'
build_vendor='pc'
datadir='${datarootdir}'
datarootdir='${prefix}/share'
docdir='${datarootdir}/doc/${PACKAGE_TARNAME}'
dvidir='${docdir}'
exec_prefix='${prefix}'
host='i686-pc-cygwin'
host_alias=''
host_cpu='i686'
host_os='cygwin'
host_vendor='pc'
htmldir='${docdir}'
includedir='${prefix}/include'
infodir='${datarootdir}/info'
install_sh='$(SHELL) /cygdrive/d/Nutricato/OpenProjects/FP6_hArtes/WP2_SCI2C/Software/Scilab2C/CFiles/sci2ccode/src/config/install-sh'
libdir='${exec_prefix}/lib'
libexecdir='${exec_prefix}/libexec'
localedir='${datarootdir}/locale'
localstatedir='${prefix}/var'
mandir='${datarootdir}/man'
mkdir_p='/usr/bin/mkdir -p'
oldincludedir='/usr/include'
pdfdir='${docdir}'
prefix='/usr/local'
program_transform_name='s,x,x,'
psdir='${docdir}'
sbindir='${exec_prefix}/sbin'
sharedstatedir='${prefix}/com'
sysconfdir='${prefix}/etc'
target_alias=''

## ----------- ##
## confdefs.h. ##
## ----------- ##

#define PACKAGE_NAME "sci2c"
#define PACKAGE_TARNAME "sci2c"
#define PACKAGE_VERSION "1.0"
#define PACKAGE_STRING "sci2c 1.0"
#define PACKAGE_BUGREPORT ""
#define PACKAGE "sci2c"
#define VERSION "1.0"
#define STDC_HEADERS 1
#define HAVE_SYS_TYPES_H 1
#define HAVE_SYS_STAT_H 1
#define HAVE_STDLIB_H 1
#define HAVE_STRING_H 1
#define HAVE_MEMORY_H 1
#define HAVE_STRINGS_H 1
#define HAVE_UNISTD_H 1
#define HAVE_DLFCN_H 1
#define HAVE__BOOL 1
#define HAVE_STDBOOL_H 1

configure: exit 0
